<?xml version="1.0" encoding="UTF-8"?>
<!-- Generated by org.testng.reporters.JUnitReportReporter -->
<testsuite skipped="0" hostname="LAPTOP-K1GDAT59" name="Test.com.gmail_login_test.LoadTest01" tests="1" failures="0" timestamp="29 Nov 2018 15:22:54 GMT" time="7.945" errors="0">
  <testcase name="verifySearchButton" time="7.945" classname="Test.com.gmail_login_test.LoadTest01"/>
</testsuite> <!-- Test.com.gmail_login_test.LoadTest01 -->
